[35m[1mScanning dependencies of target _simple_control_generate_messages_check_deps_toggle_cage[0m
[  0%] Built target _simple_control_generate_messages_check_deps_toggle_cage
[35m[1mScanning dependencies of target std_msgs_generate_messages_eus[0m
[  0%] Built target std_msgs_generate_messages_eus
[35m[1mScanning dependencies of target std_msgs_generate_messages_py[0m
[  0%] Built target std_msgs_generate_messages_py
[35m[1mScanning dependencies of target std_msgs_generate_messages_nodejs[0m
[  0%] Built target std_msgs_generate_messages_nodejs
[35m[1mScanning dependencies of target std_msgs_generate_messages_cpp[0m
[  0%] Built target std_msgs_generate_messages_cpp
[35m[1mScanning dependencies of target std_msgs_generate_messages_lisp[0m
[  0%] Built target std_msgs_generate_messages_lisp
[35m[1mScanning dependencies of target simple_control_generate_messages_eus[0m
[ 14%] [34m[1mGenerating EusLisp code from simple_control/toggle_cage.srv[0m
[ 28%] [34m[1mGenerating EusLisp manifest code for simple_control[0m
[ 28%] Built target simple_control_generate_messages_eus
[35m[1mScanning dependencies of target simple_control_generate_messages_py[0m
[ 42%] [34m[1mGenerating Python code from SRV simple_control/toggle_cage[0m
[ 57%] [34m[1mGenerating Python srv __init__.py for simple_control[0m
[ 57%] Built target simple_control_generate_messages_py
[35m[1mScanning dependencies of target simple_control_generate_messages_nodejs[0m
[ 71%] [34m[1mGenerating Javascript code from simple_control/toggle_cage.srv[0m
[ 71%] Built target simple_control_generate_messages_nodejs
[35m[1mScanning dependencies of target simple_control_generate_messages_cpp[0m
[35m[1mScanning dependencies of target simple_control_generate_messages_lisp[0m
[ 85%] [34m[1mGenerating C++ code from simple_control/toggle_cage.srv[0m
[100%] [34m[1mGenerating Lisp code from simple_control/toggle_cage.srv[0m
[100%] Built target simple_control_generate_messages_lisp
[100%] Built target simple_control_generate_messages_cpp
[35m[1mScanning dependencies of target simple_control_generate_messages[0m
[100%] Built target simple_control_generate_messages
