Determining if the pthread_create exist failed with the following output:
Change Dir: /root/CS4501-Labs/lab6_ws/build/perception/CMakeFiles/CMakeTmp

Run Build Command:"/usr/bin/make" "cmTC_7acde/fast"
/usr/bin/make -f CMakeFiles/cmTC_7acde.dir/build.make CMakeFiles/cmTC_7acde.dir/build
make[1]: Entering directory '/root/CS4501-Labs/lab6_ws/build/perception/CMakeFiles/CMakeTmp'
Building C object CMakeFiles/cmTC_7acde.dir/CheckSymbolExists.c.o
/usr/bin/cc    -o CMakeFiles/cmTC_7acde.dir/CheckSymbolExists.c.o   -c /root/CS4501-Labs/lab6_ws/build/perception/CMakeFiles/CMakeTmp/CheckSymbolExists.c
Linking C executable cmTC_7acde
/usr/bin/cmake -E cmake_link_script CMakeFiles/cmTC_7acde.dir/link.txt --verbose=1
/usr/bin/cc      -rdynamic CMakeFiles/cmTC_7acde.dir/CheckSymbolExists.c.o  -o cmTC_7acde 
CMakeFiles/cmTC_7acde.dir/CheckSymbolExists.c.o: In function `main':
CheckSymbolExists.c:(.text+0x14): undefined reference to `pthread_create'
CheckSymbolExists.c:(.text+0x18): undefined reference to `pthread_create'
collect2: error: ld returned 1 exit status
CMakeFiles/cmTC_7acde.dir/build.make:97: recipe for target 'cmTC_7acde' failed
make[1]: *** [cmTC_7acde] Error 1
make[1]: Leaving directory '/root/CS4501-Labs/lab6_ws/build/perception/CMakeFiles/CMakeTmp'
Makefile:126: recipe for target 'cmTC_7acde/fast' failed
make: *** [cmTC_7acde/fast] Error 2

File /root/CS4501-Labs/lab6_ws/build/perception/CMakeFiles/CMakeTmp/CheckSymbolExists.c:
/* */
#include <pthread.h>

int main(int argc, char** argv)
{
  (void)argv;
#ifndef pthread_create
  return ((int*)(&pthread_create))[argc];
#else
  (void)argc;
  return 0;
#endif
}

Determining if the function pthread_create exists in the pthreads failed with the following output:
Change Dir: /root/CS4501-Labs/lab6_ws/build/perception/CMakeFiles/CMakeTmp

Run Build Command:"/usr/bin/make" "cmTC_17078/fast"
/usr/bin/make -f CMakeFiles/cmTC_17078.dir/build.make CMakeFiles/cmTC_17078.dir/build
make[1]: Entering directory '/root/CS4501-Labs/lab6_ws/build/perception/CMakeFiles/CMakeTmp'
Building C object CMakeFiles/cmTC_17078.dir/CheckFunctionExists.c.o
/usr/bin/cc   -DCHECK_FUNCTION_EXISTS=pthread_create   -o CMakeFiles/cmTC_17078.dir/CheckFunctionExists.c.o   -c /usr/share/cmake-3.10/Modules/CheckFunctionExists.c
Linking C executable cmTC_17078
/usr/bin/cmake -E cmake_link_script CMakeFiles/cmTC_17078.dir/link.txt --verbose=1
/usr/bin/cc  -DCHECK_FUNCTION_EXISTS=pthread_create    -rdynamic CMakeFiles/cmTC_17078.dir/CheckFunctionExists.c.o  -o cmTC_17078 -lpthreads 
/usr/bin/ld: cannot find -lpthreads
collect2: error: ld returned 1 exit status
CMakeFiles/cmTC_17078.dir/build.make:97: recipe for target 'cmTC_17078' failed
make[1]: *** [cmTC_17078] Error 1
make[1]: Leaving directory '/root/CS4501-Labs/lab6_ws/build/perception/CMakeFiles/CMakeTmp'
Makefile:126: recipe for target 'cmTC_17078/fast' failed
make: *** [cmTC_17078/fast] Error 2


