Determining if the pthread_create exist failed with the following output:
Change Dir: /root/CS4501-Labs/lab6_ws/build/flightgoggles/CMakeFiles/CMakeTmp

Run Build Command:"/usr/bin/make" "cmTC_57d29/fast"
/usr/bin/make -f CMakeFiles/cmTC_57d29.dir/build.make CMakeFiles/cmTC_57d29.dir/build
make[1]: Entering directory '/root/CS4501-Labs/lab6_ws/build/flightgoggles/CMakeFiles/CMakeTmp'
Building C object CMakeFiles/cmTC_57d29.dir/CheckSymbolExists.c.o
/usr/bin/cc    -o CMakeFiles/cmTC_57d29.dir/CheckSymbolExists.c.o   -c /root/CS4501-Labs/lab6_ws/build/flightgoggles/CMakeFiles/CMakeTmp/CheckSymbolExists.c
Linking C executable cmTC_57d29
/usr/bin/cmake -E cmake_link_script CMakeFiles/cmTC_57d29.dir/link.txt --verbose=1
/usr/bin/cc      -rdynamic CMakeFiles/cmTC_57d29.dir/CheckSymbolExists.c.o  -o cmTC_57d29 
CMakeFiles/cmTC_57d29.dir/CheckSymbolExists.c.o: In function `main':
CheckSymbolExists.c:(.text+0x14): undefined reference to `pthread_create'
CheckSymbolExists.c:(.text+0x18): undefined reference to `pthread_create'
collect2: error: ld returned 1 exit status
CMakeFiles/cmTC_57d29.dir/build.make:97: recipe for target 'cmTC_57d29' failed
make[1]: *** [cmTC_57d29] Error 1
make[1]: Leaving directory '/root/CS4501-Labs/lab6_ws/build/flightgoggles/CMakeFiles/CMakeTmp'
Makefile:126: recipe for target 'cmTC_57d29/fast' failed
make: *** [cmTC_57d29/fast] Error 2

File /root/CS4501-Labs/lab6_ws/build/flightgoggles/CMakeFiles/CMakeTmp/CheckSymbolExists.c:
/* */
#include <pthread.h>

int main(int argc, char** argv)
{
  (void)argv;
#ifndef pthread_create
  return ((int*)(&pthread_create))[argc];
#else
  (void)argc;
  return 0;
#endif
}

Determining if the function pthread_create exists in the pthreads failed with the following output:
Change Dir: /root/CS4501-Labs/lab6_ws/build/flightgoggles/CMakeFiles/CMakeTmp

Run Build Command:"/usr/bin/make" "cmTC_3760f/fast"
/usr/bin/make -f CMakeFiles/cmTC_3760f.dir/build.make CMakeFiles/cmTC_3760f.dir/build
make[1]: Entering directory '/root/CS4501-Labs/lab6_ws/build/flightgoggles/CMakeFiles/CMakeTmp'
Building C object CMakeFiles/cmTC_3760f.dir/CheckFunctionExists.c.o
/usr/bin/cc   -DCHECK_FUNCTION_EXISTS=pthread_create   -o CMakeFiles/cmTC_3760f.dir/CheckFunctionExists.c.o   -c /usr/share/cmake-3.10/Modules/CheckFunctionExists.c
Linking C executable cmTC_3760f
/usr/bin/cmake -E cmake_link_script CMakeFiles/cmTC_3760f.dir/link.txt --verbose=1
/usr/bin/cc  -DCHECK_FUNCTION_EXISTS=pthread_create    -rdynamic CMakeFiles/cmTC_3760f.dir/CheckFunctionExists.c.o  -o cmTC_3760f -lpthreads 
/usr/bin/ld: cannot find -lpthreads
collect2: error: ld returned 1 exit status
CMakeFiles/cmTC_3760f.dir/build.make:97: recipe for target 'cmTC_3760f' failed
make[1]: *** [cmTC_3760f] Error 1
make[1]: Leaving directory '/root/CS4501-Labs/lab6_ws/build/flightgoggles/CMakeFiles/CMakeTmp'
Makefile:126: recipe for target 'cmTC_3760f/fast' failed
make: *** [cmTC_3760f/fast] Error 2


