[  0%] Built target trajectory_msgs_generate_messages_eus
[ 33%] Built target inertialMeasurementSim
[ 33%] Built target actionlib_generate_messages_py
[ 33%] Built target actionlib_generate_messages_nodejs
[ 33%] Built target actionlib_generate_messages_lisp
[ 33%] Built target actionlib_msgs_generate_messages_lisp
[ 33%] Built target actionlib_msgs_generate_messages_eus
[ 33%] Built target actionlib_msgs_generate_messages_cpp
[ 33%] Built target tf2_msgs_generate_messages_nodejs
[ 33%] Built target tf2_msgs_generate_messages_py
[ 33%] Built target tf2_msgs_generate_messages_lisp
[ 33%] Built target tf2_msgs_generate_messages_eus
[ 33%] Built target tf2_msgs_generate_messages_cpp
[ 33%] Built target sensor_msgs_generate_messages_py
[ 33%] Built target rosgraph_msgs_generate_messages_nodejs
[ 33%] Built target rosgraph_msgs_generate_messages_py
[ 33%] Built target std_msgs_generate_messages_eus
[ 33%] Built target trajectory_msgs_generate_messages_py
[ 33%] Built target rosgraph_msgs_generate_messages_lisp
[ 33%] Built target sensor_msgs_generate_messages_eus
[ 33%] Built target mav_msgs_generate_messages_py
[ 33%] Built target rosgraph_msgs_generate_messages_eus
[ 33%] Built target rosgraph_msgs_generate_messages_cpp
[ 33%] Built target std_msgs_generate_messages_py
[ 33%] Built target geometry_msgs_generate_messages_eus
[ 33%] Built target roscpp_generate_messages_nodejs
[ 33%] Built target roscpp_generate_messages_eus
[ 33%] Built target roscpp_generate_messages_lisp
[ 33%] Built target actionlib_generate_messages_cpp
[ 33%] Built target sensor_msgs_generate_messages_nodejs
[ 33%] Built target roscpp_generate_messages_cpp
[ 33%] Built target actionlib_msgs_generate_messages_nodejs
[ 33%] Built target std_msgs_generate_messages_cpp
[ 33%] Built target trajectory_msgs_generate_messages_nodejs
[ 33%] Built target geometry_msgs_generate_messages_nodejs
[ 33%] Built target sensor_msgs_generate_messages_lisp
[ 33%] Built target std_msgs_generate_messages_lisp
[ 33%] Built target sensor_msgs_generate_messages_cpp
[ 33%] Built target std_msgs_generate_messages_nodejs
[ 33%] Built target actionlib_msgs_generate_messages_py
[ 33%] Built target mav_msgs_generate_messages_cpp
[ 33%] Built target mav_msgs_generate_messages_eus
[ 33%] Built target actionlib_generate_messages_eus
[ 33%] Built target mav_msgs_generate_messages_lisp
[ 33%] Built target trajectory_msgs_generate_messages_lisp
[ 33%] Built target mav_msgs_generate_messages_nodejs
[ 33%] Built target geometry_msgs_generate_messages_cpp
[ 33%] Built target geometry_msgs_generate_messages_lisp
[ 33%] Built target geometry_msgs_generate_messages_py
[ 33%] Built target trajectory_msgs_generate_messages_cpp
[ 33%] Built target roscpp_generate_messages_py
[ 66%] Built target multicopterDynamicsSim
[100%] Built target flightgoggles_uav_dynamics_node
