Determining if the pthread_create exist failed with the following output:
Change Dir: /root/CS4501-Labs/lab6_ws/build/flightcontroller/CMakeFiles/CMakeTmp

Run Build Command:"/usr/bin/make" "cmTC_81f8c/fast"
/usr/bin/make -f CMakeFiles/cmTC_81f8c.dir/build.make CMakeFiles/cmTC_81f8c.dir/build
make[1]: Entering directory '/root/CS4501-Labs/lab6_ws/build/flightcontroller/CMakeFiles/CMakeTmp'
Building C object CMakeFiles/cmTC_81f8c.dir/CheckSymbolExists.c.o
/usr/bin/cc    -o CMakeFiles/cmTC_81f8c.dir/CheckSymbolExists.c.o   -c /root/CS4501-Labs/lab6_ws/build/flightcontroller/CMakeFiles/CMakeTmp/CheckSymbolExists.c
Linking C executable cmTC_81f8c
/usr/bin/cmake -E cmake_link_script CMakeFiles/cmTC_81f8c.dir/link.txt --verbose=1
/usr/bin/cc      -rdynamic CMakeFiles/cmTC_81f8c.dir/CheckSymbolExists.c.o  -o cmTC_81f8c 
CMakeFiles/cmTC_81f8c.dir/CheckSymbolExists.c.o: In function `main':
CheckSymbolExists.c:(.text+0x14): undefined reference to `pthread_create'
CheckSymbolExists.c:(.text+0x18): undefined reference to `pthread_create'
collect2: error: ld returned 1 exit status
CMakeFiles/cmTC_81f8c.dir/build.make:97: recipe for target 'cmTC_81f8c' failed
make[1]: *** [cmTC_81f8c] Error 1
make[1]: Leaving directory '/root/CS4501-Labs/lab6_ws/build/flightcontroller/CMakeFiles/CMakeTmp'
Makefile:126: recipe for target 'cmTC_81f8c/fast' failed
make: *** [cmTC_81f8c/fast] Error 2

File /root/CS4501-Labs/lab6_ws/build/flightcontroller/CMakeFiles/CMakeTmp/CheckSymbolExists.c:
/* */
#include <pthread.h>

int main(int argc, char** argv)
{
  (void)argv;
#ifndef pthread_create
  return ((int*)(&pthread_create))[argc];
#else
  (void)argc;
  return 0;
#endif
}

Determining if the function pthread_create exists in the pthreads failed with the following output:
Change Dir: /root/CS4501-Labs/lab6_ws/build/flightcontroller/CMakeFiles/CMakeTmp

Run Build Command:"/usr/bin/make" "cmTC_7843a/fast"
/usr/bin/make -f CMakeFiles/cmTC_7843a.dir/build.make CMakeFiles/cmTC_7843a.dir/build
make[1]: Entering directory '/root/CS4501-Labs/lab6_ws/build/flightcontroller/CMakeFiles/CMakeTmp'
Building C object CMakeFiles/cmTC_7843a.dir/CheckFunctionExists.c.o
/usr/bin/cc   -DCHECK_FUNCTION_EXISTS=pthread_create   -o CMakeFiles/cmTC_7843a.dir/CheckFunctionExists.c.o   -c /usr/share/cmake-3.10/Modules/CheckFunctionExists.c
Linking C executable cmTC_7843a
/usr/bin/cmake -E cmake_link_script CMakeFiles/cmTC_7843a.dir/link.txt --verbose=1
/usr/bin/cc  -DCHECK_FUNCTION_EXISTS=pthread_create    -rdynamic CMakeFiles/cmTC_7843a.dir/CheckFunctionExists.c.o  -o cmTC_7843a -lpthreads 
/usr/bin/ld: cannot find -lpthreads
collect2: error: ld returned 1 exit status
CMakeFiles/cmTC_7843a.dir/build.make:97: recipe for target 'cmTC_7843a' failed
make[1]: *** [cmTC_7843a] Error 1
make[1]: Leaving directory '/root/CS4501-Labs/lab6_ws/build/flightcontroller/CMakeFiles/CMakeTmp'
Makefile:126: recipe for target 'cmTC_7843a/fast' failed
make: *** [cmTC_7843a/fast] Error 2


