Determining if the pthread_create exist failed with the following output:
Change Dir: /root/CS4501-Labs/lab7_ws/build/sensor_simulation/CMakeFiles/CMakeTmp

Run Build Command:"/usr/bin/make" "cmTC_64920/fast"
/usr/bin/make -f CMakeFiles/cmTC_64920.dir/build.make CMakeFiles/cmTC_64920.dir/build
make[1]: Entering directory '/root/CS4501-Labs/lab7_ws/build/sensor_simulation/CMakeFiles/CMakeTmp'
Building C object CMakeFiles/cmTC_64920.dir/CheckSymbolExists.c.o
/usr/bin/cc    -o CMakeFiles/cmTC_64920.dir/CheckSymbolExists.c.o   -c /root/CS4501-Labs/lab7_ws/build/sensor_simulation/CMakeFiles/CMakeTmp/CheckSymbolExists.c
Linking C executable cmTC_64920
/usr/bin/cmake -E cmake_link_script CMakeFiles/cmTC_64920.dir/link.txt --verbose=1
/usr/bin/cc      -rdynamic CMakeFiles/cmTC_64920.dir/CheckSymbolExists.c.o  -o cmTC_64920 
CMakeFiles/cmTC_64920.dir/CheckSymbolExists.c.o: In function `main':
CheckSymbolExists.c:(.text+0x14): undefined reference to `pthread_create'
CheckSymbolExists.c:(.text+0x18): undefined reference to `pthread_create'
collect2: error: ld returned 1 exit status
CMakeFiles/cmTC_64920.dir/build.make:97: recipe for target 'cmTC_64920' failed
make[1]: *** [cmTC_64920] Error 1
make[1]: Leaving directory '/root/CS4501-Labs/lab7_ws/build/sensor_simulation/CMakeFiles/CMakeTmp'
Makefile:126: recipe for target 'cmTC_64920/fast' failed
make: *** [cmTC_64920/fast] Error 2

File /root/CS4501-Labs/lab7_ws/build/sensor_simulation/CMakeFiles/CMakeTmp/CheckSymbolExists.c:
/* */
#include <pthread.h>

int main(int argc, char** argv)
{
  (void)argv;
#ifndef pthread_create
  return ((int*)(&pthread_create))[argc];
#else
  (void)argc;
  return 0;
#endif
}

Determining if the function pthread_create exists in the pthreads failed with the following output:
Change Dir: /root/CS4501-Labs/lab7_ws/build/sensor_simulation/CMakeFiles/CMakeTmp

Run Build Command:"/usr/bin/make" "cmTC_efc8d/fast"
/usr/bin/make -f CMakeFiles/cmTC_efc8d.dir/build.make CMakeFiles/cmTC_efc8d.dir/build
make[1]: Entering directory '/root/CS4501-Labs/lab7_ws/build/sensor_simulation/CMakeFiles/CMakeTmp'
Building C object CMakeFiles/cmTC_efc8d.dir/CheckFunctionExists.c.o
/usr/bin/cc   -DCHECK_FUNCTION_EXISTS=pthread_create   -o CMakeFiles/cmTC_efc8d.dir/CheckFunctionExists.c.o   -c /usr/share/cmake-3.10/Modules/CheckFunctionExists.c
Linking C executable cmTC_efc8d
/usr/bin/cmake -E cmake_link_script CMakeFiles/cmTC_efc8d.dir/link.txt --verbose=1
/usr/bin/cc  -DCHECK_FUNCTION_EXISTS=pthread_create    -rdynamic CMakeFiles/cmTC_efc8d.dir/CheckFunctionExists.c.o  -o cmTC_efc8d -lpthreads 
/usr/bin/ld: cannot find -lpthreads
collect2: error: ld returned 1 exit status
CMakeFiles/cmTC_efc8d.dir/build.make:97: recipe for target 'cmTC_efc8d' failed
make[1]: *** [cmTC_efc8d] Error 1
make[1]: Leaving directory '/root/CS4501-Labs/lab7_ws/build/sensor_simulation/CMakeFiles/CMakeTmp'
Makefile:126: recipe for target 'cmTC_efc8d/fast' failed
make: *** [cmTC_efc8d/fast] Error 2


