Determining if the pthread_create exist failed with the following output:
Change Dir: /root/CS4501-Labs/lab1_ws/build/catkin_tools_prebuild/CMakeFiles/CMakeTmp

Run Build Command:"/usr/bin/make" "cmTC_8644a/fast"
/usr/bin/make -f CMakeFiles/cmTC_8644a.dir/build.make CMakeFiles/cmTC_8644a.dir/build
make[1]: Entering directory '/root/CS4501-Labs/lab1_ws/build/catkin_tools_prebuild/CMakeFiles/CMakeTmp'
Building C object CMakeFiles/cmTC_8644a.dir/CheckSymbolExists.c.o
/usr/bin/cc    -o CMakeFiles/cmTC_8644a.dir/CheckSymbolExists.c.o   -c /root/CS4501-Labs/lab1_ws/build/catkin_tools_prebuild/CMakeFiles/CMakeTmp/CheckSymbolExists.c
Linking C executable cmTC_8644a
/usr/bin/cmake -E cmake_link_script CMakeFiles/cmTC_8644a.dir/link.txt --verbose=1
/usr/bin/cc      -rdynamic CMakeFiles/cmTC_8644a.dir/CheckSymbolExists.c.o  -o cmTC_8644a 
CMakeFiles/cmTC_8644a.dir/CheckSymbolExists.c.o: In function `main':
CheckSymbolExists.c:(.text+0x14): undefined reference to `pthread_create'
CheckSymbolExists.c:(.text+0x18): undefined reference to `pthread_create'
collect2: error: ld returned 1 exit status
CMakeFiles/cmTC_8644a.dir/build.make:97: recipe for target 'cmTC_8644a' failed
make[1]: *** [cmTC_8644a] Error 1
make[1]: Leaving directory '/root/CS4501-Labs/lab1_ws/build/catkin_tools_prebuild/CMakeFiles/CMakeTmp'
Makefile:126: recipe for target 'cmTC_8644a/fast' failed
make: *** [cmTC_8644a/fast] Error 2

File /root/CS4501-Labs/lab1_ws/build/catkin_tools_prebuild/CMakeFiles/CMakeTmp/CheckSymbolExists.c:
/* */
#include <pthread.h>

int main(int argc, char** argv)
{
  (void)argv;
#ifndef pthread_create
  return ((int*)(&pthread_create))[argc];
#else
  (void)argc;
  return 0;
#endif
}

Determining if the function pthread_create exists in the pthreads failed with the following output:
Change Dir: /root/CS4501-Labs/lab1_ws/build/catkin_tools_prebuild/CMakeFiles/CMakeTmp

Run Build Command:"/usr/bin/make" "cmTC_67818/fast"
/usr/bin/make -f CMakeFiles/cmTC_67818.dir/build.make CMakeFiles/cmTC_67818.dir/build
make[1]: Entering directory '/root/CS4501-Labs/lab1_ws/build/catkin_tools_prebuild/CMakeFiles/CMakeTmp'
Building C object CMakeFiles/cmTC_67818.dir/CheckFunctionExists.c.o
/usr/bin/cc   -DCHECK_FUNCTION_EXISTS=pthread_create   -o CMakeFiles/cmTC_67818.dir/CheckFunctionExists.c.o   -c /usr/share/cmake-3.10/Modules/CheckFunctionExists.c
Linking C executable cmTC_67818
/usr/bin/cmake -E cmake_link_script CMakeFiles/cmTC_67818.dir/link.txt --verbose=1
/usr/bin/cc  -DCHECK_FUNCTION_EXISTS=pthread_create    -rdynamic CMakeFiles/cmTC_67818.dir/CheckFunctionExists.c.o  -o cmTC_67818 -lpthreads 
/usr/bin/ld: cannot find -lpthreads
collect2: error: ld returned 1 exit status
CMakeFiles/cmTC_67818.dir/build.make:97: recipe for target 'cmTC_67818' failed
make[1]: *** [cmTC_67818] Error 1
make[1]: Leaving directory '/root/CS4501-Labs/lab1_ws/build/catkin_tools_prebuild/CMakeFiles/CMakeTmp'
Makefile:126: recipe for target 'cmTC_67818/fast' failed
make: *** [cmTC_67818/fast] Error 2


