Linked: (/root/CS4501-Labs/lab7_ws/devel/.private/sensor_simulation/include/sensor_simulation/calibrate.h, /root/CS4501-Labs/lab7_ws/devel/include/sensor_simulation/calibrate.h)
Linked: (/root/CS4501-Labs/lab7_ws/devel/.private/sensor_simulation/include/sensor_simulation/calibrateRequest.h, /root/CS4501-Labs/lab7_ws/devel/include/sensor_simulation/calibrateRequest.h)
Linked: (/root/CS4501-Labs/lab7_ws/devel/.private/sensor_simulation/include/sensor_simulation/calibrateResponse.h, /root/CS4501-Labs/lab7_ws/devel/include/sensor_simulation/calibrateResponse.h)
Linked: (/root/CS4501-Labs/lab7_ws/devel/.private/sensor_simulation/lib/pkgconfig/sensor_simulation.pc, /root/CS4501-Labs/lab7_ws/devel/lib/pkgconfig/sensor_simulation.pc)
Linked: (/root/CS4501-Labs/lab7_ws/devel/.private/sensor_simulation/lib/python2.7/dist-packages/sensor_simulation/__init__.py, /root/CS4501-Labs/lab7_ws/devel/lib/python2.7/dist-packages/sensor_simulation/__init__.py)
Linked: (/root/CS4501-Labs/lab7_ws/devel/.private/sensor_simulation/lib/python2.7/dist-packages/sensor_simulation/srv/__init__.py, /root/CS4501-Labs/lab7_ws/devel/lib/python2.7/dist-packages/sensor_simulation/srv/__init__.py)
Linked: (/root/CS4501-Labs/lab7_ws/devel/.private/sensor_simulation/lib/python2.7/dist-packages/sensor_simulation/srv/_calibrate.py, /root/CS4501-Labs/lab7_ws/devel/lib/python2.7/dist-packages/sensor_simulation/srv/_calibrate.py)
Linked: (/root/CS4501-Labs/lab7_ws/devel/.private/sensor_simulation/share/common-lisp/ros/sensor_simulation/srv/_package.lisp, /root/CS4501-Labs/lab7_ws/devel/share/common-lisp/ros/sensor_simulation/srv/_package.lisp)
Linked: (/root/CS4501-Labs/lab7_ws/devel/.private/sensor_simulation/share/common-lisp/ros/sensor_simulation/srv/_package_calibrate.lisp, /root/CS4501-Labs/lab7_ws/devel/share/common-lisp/ros/sensor_simulation/srv/_package_calibrate.lisp)
Linked: (/root/CS4501-Labs/lab7_ws/devel/.private/sensor_simulation/share/common-lisp/ros/sensor_simulation/srv/calibrate.lisp, /root/CS4501-Labs/lab7_ws/devel/share/common-lisp/ros/sensor_simulation/srv/calibrate.lisp)
Linked: (/root/CS4501-Labs/lab7_ws/devel/.private/sensor_simulation/share/common-lisp/ros/sensor_simulation/srv/sensor_simulation-srv.asd, /root/CS4501-Labs/lab7_ws/devel/share/common-lisp/ros/sensor_simulation/srv/sensor_simulation-srv.asd)
Linked: (/root/CS4501-Labs/lab7_ws/devel/.private/sensor_simulation/share/gennodejs/ros/sensor_simulation/_index.js, /root/CS4501-Labs/lab7_ws/devel/share/gennodejs/ros/sensor_simulation/_index.js)
Linked: (/root/CS4501-Labs/lab7_ws/devel/.private/sensor_simulation/share/gennodejs/ros/sensor_simulation/srv/_index.js, /root/CS4501-Labs/lab7_ws/devel/share/gennodejs/ros/sensor_simulation/srv/_index.js)
Linked: (/root/CS4501-Labs/lab7_ws/devel/.private/sensor_simulation/share/gennodejs/ros/sensor_simulation/srv/calibrate.js, /root/CS4501-Labs/lab7_ws/devel/share/gennodejs/ros/sensor_simulation/srv/calibrate.js)
Linked: (/root/CS4501-Labs/lab7_ws/devel/.private/sensor_simulation/share/roseus/ros/sensor_simulation/manifest.l, /root/CS4501-Labs/lab7_ws/devel/share/roseus/ros/sensor_simulation/manifest.l)
Linked: (/root/CS4501-Labs/lab7_ws/devel/.private/sensor_simulation/share/roseus/ros/sensor_simulation/srv/calibrate.l, /root/CS4501-Labs/lab7_ws/devel/share/roseus/ros/sensor_simulation/srv/calibrate.l)
Linked: (/root/CS4501-Labs/lab7_ws/devel/.private/sensor_simulation/share/sensor_simulation/cmake/sensor_simulation-msg-extras.cmake, /root/CS4501-Labs/lab7_ws/devel/share/sensor_simulation/cmake/sensor_simulation-msg-extras.cmake)
Linked: (/root/CS4501-Labs/lab7_ws/devel/.private/sensor_simulation/share/sensor_simulation/cmake/sensor_simulation-msg-paths.cmake, /root/CS4501-Labs/lab7_ws/devel/share/sensor_simulation/cmake/sensor_simulation-msg-paths.cmake)
Linked: (/root/CS4501-Labs/lab7_ws/devel/.private/sensor_simulation/share/sensor_simulation/cmake/sensor_simulationConfig-version.cmake, /root/CS4501-Labs/lab7_ws/devel/share/sensor_simulation/cmake/sensor_simulationConfig-version.cmake)
Linked: (/root/CS4501-Labs/lab7_ws/devel/.private/sensor_simulation/share/sensor_simulation/cmake/sensor_simulationConfig.cmake, /root/CS4501-Labs/lab7_ws/devel/share/sensor_simulation/cmake/sensor_simulationConfig.cmake)
