Determining if the pthread_create exist failed with the following output:
Change Dir: /root/CS4501-Labs/lab6_ws/build/keyboard/CMakeFiles/CMakeTmp

Run Build Command:"/usr/bin/make" "cmTC_2a815/fast"
/usr/bin/make -f CMakeFiles/cmTC_2a815.dir/build.make CMakeFiles/cmTC_2a815.dir/build
make[1]: Entering directory '/root/CS4501-Labs/lab6_ws/build/keyboard/CMakeFiles/CMakeTmp'
Building C object CMakeFiles/cmTC_2a815.dir/CheckSymbolExists.c.o
/usr/bin/cc    -o CMakeFiles/cmTC_2a815.dir/CheckSymbolExists.c.o   -c /root/CS4501-Labs/lab6_ws/build/keyboard/CMakeFiles/CMakeTmp/CheckSymbolExists.c
Linking C executable cmTC_2a815
/usr/bin/cmake -E cmake_link_script CMakeFiles/cmTC_2a815.dir/link.txt --verbose=1
/usr/bin/cc      -rdynamic CMakeFiles/cmTC_2a815.dir/CheckSymbolExists.c.o  -o cmTC_2a815 
CMakeFiles/cmTC_2a815.dir/CheckSymbolExists.c.o: In function `main':
CheckSymbolExists.c:(.text+0x14): undefined reference to `pthread_create'
CheckSymbolExists.c:(.text+0x18): undefined reference to `pthread_create'
collect2: error: ld returned 1 exit status
CMakeFiles/cmTC_2a815.dir/build.make:97: recipe for target 'cmTC_2a815' failed
make[1]: *** [cmTC_2a815] Error 1
make[1]: Leaving directory '/root/CS4501-Labs/lab6_ws/build/keyboard/CMakeFiles/CMakeTmp'
Makefile:126: recipe for target 'cmTC_2a815/fast' failed
make: *** [cmTC_2a815/fast] Error 2

File /root/CS4501-Labs/lab6_ws/build/keyboard/CMakeFiles/CMakeTmp/CheckSymbolExists.c:
/* */
#include <pthread.h>

int main(int argc, char** argv)
{
  (void)argv;
#ifndef pthread_create
  return ((int*)(&pthread_create))[argc];
#else
  (void)argc;
  return 0;
#endif
}

Determining if the function pthread_create exists in the pthreads failed with the following output:
Change Dir: /root/CS4501-Labs/lab6_ws/build/keyboard/CMakeFiles/CMakeTmp

Run Build Command:"/usr/bin/make" "cmTC_05e39/fast"
/usr/bin/make -f CMakeFiles/cmTC_05e39.dir/build.make CMakeFiles/cmTC_05e39.dir/build
make[1]: Entering directory '/root/CS4501-Labs/lab6_ws/build/keyboard/CMakeFiles/CMakeTmp'
Building C object CMakeFiles/cmTC_05e39.dir/CheckFunctionExists.c.o
/usr/bin/cc   -DCHECK_FUNCTION_EXISTS=pthread_create   -o CMakeFiles/cmTC_05e39.dir/CheckFunctionExists.c.o   -c /usr/share/cmake-3.10/Modules/CheckFunctionExists.c
Linking C executable cmTC_05e39
/usr/bin/cmake -E cmake_link_script CMakeFiles/cmTC_05e39.dir/link.txt --verbose=1
/usr/bin/cc  -DCHECK_FUNCTION_EXISTS=pthread_create    -rdynamic CMakeFiles/cmTC_05e39.dir/CheckFunctionExists.c.o  -o cmTC_05e39 -lpthreads 
/usr/bin/ld: cannot find -lpthreads
collect2: error: ld returned 1 exit status
CMakeFiles/cmTC_05e39.dir/build.make:97: recipe for target 'cmTC_05e39' failed
make[1]: *** [cmTC_05e39] Error 1
make[1]: Leaving directory '/root/CS4501-Labs/lab6_ws/build/keyboard/CMakeFiles/CMakeTmp'
Makefile:126: recipe for target 'cmTC_05e39/fast' failed
make: *** [cmTC_05e39/fast] Error 2


