Determining if the pthread_create exist failed with the following output:
Change Dir: /root/CS4501-Labs/lab3_ws/build/sensor_simulation/CMakeFiles/CMakeTmp

Run Build Command:"/usr/bin/make" "cmTC_44e48/fast"
/usr/bin/make -f CMakeFiles/cmTC_44e48.dir/build.make CMakeFiles/cmTC_44e48.dir/build
make[1]: Entering directory '/root/CS4501-Labs/lab3_ws/build/sensor_simulation/CMakeFiles/CMakeTmp'
Building C object CMakeFiles/cmTC_44e48.dir/CheckSymbolExists.c.o
/usr/bin/cc    -o CMakeFiles/cmTC_44e48.dir/CheckSymbolExists.c.o   -c /root/CS4501-Labs/lab3_ws/build/sensor_simulation/CMakeFiles/CMakeTmp/CheckSymbolExists.c
Linking C executable cmTC_44e48
/usr/bin/cmake -E cmake_link_script CMakeFiles/cmTC_44e48.dir/link.txt --verbose=1
/usr/bin/cc      -rdynamic CMakeFiles/cmTC_44e48.dir/CheckSymbolExists.c.o  -o cmTC_44e48 
CMakeFiles/cmTC_44e48.dir/CheckSymbolExists.c.o: In function `main':
CheckSymbolExists.c:(.text+0x14): undefined reference to `pthread_create'
CheckSymbolExists.c:(.text+0x18): undefined reference to `pthread_create'
collect2: error: ld returned 1 exit status
CMakeFiles/cmTC_44e48.dir/build.make:97: recipe for target 'cmTC_44e48' failed
make[1]: *** [cmTC_44e48] Error 1
make[1]: Leaving directory '/root/CS4501-Labs/lab3_ws/build/sensor_simulation/CMakeFiles/CMakeTmp'
Makefile:126: recipe for target 'cmTC_44e48/fast' failed
make: *** [cmTC_44e48/fast] Error 2

File /root/CS4501-Labs/lab3_ws/build/sensor_simulation/CMakeFiles/CMakeTmp/CheckSymbolExists.c:
/* */
#include <pthread.h>

int main(int argc, char** argv)
{
  (void)argv;
#ifndef pthread_create
  return ((int*)(&pthread_create))[argc];
#else
  (void)argc;
  return 0;
#endif
}

Determining if the function pthread_create exists in the pthreads failed with the following output:
Change Dir: /root/CS4501-Labs/lab3_ws/build/sensor_simulation/CMakeFiles/CMakeTmp

Run Build Command:"/usr/bin/make" "cmTC_2383c/fast"
/usr/bin/make -f CMakeFiles/cmTC_2383c.dir/build.make CMakeFiles/cmTC_2383c.dir/build
make[1]: Entering directory '/root/CS4501-Labs/lab3_ws/build/sensor_simulation/CMakeFiles/CMakeTmp'
Building C object CMakeFiles/cmTC_2383c.dir/CheckFunctionExists.c.o
/usr/bin/cc   -DCHECK_FUNCTION_EXISTS=pthread_create   -o CMakeFiles/cmTC_2383c.dir/CheckFunctionExists.c.o   -c /usr/share/cmake-3.10/Modules/CheckFunctionExists.c
Linking C executable cmTC_2383c
/usr/bin/cmake -E cmake_link_script CMakeFiles/cmTC_2383c.dir/link.txt --verbose=1
/usr/bin/cc  -DCHECK_FUNCTION_EXISTS=pthread_create    -rdynamic CMakeFiles/cmTC_2383c.dir/CheckFunctionExists.c.o  -o cmTC_2383c -lpthreads 
/usr/bin/ld: cannot find -lpthreads
collect2: error: ld returned 1 exit status
CMakeFiles/cmTC_2383c.dir/build.make:97: recipe for target 'cmTC_2383c' failed
make[1]: *** [cmTC_2383c] Error 1
make[1]: Leaving directory '/root/CS4501-Labs/lab3_ws/build/sensor_simulation/CMakeFiles/CMakeTmp'
Makefile:126: recipe for target 'cmTC_2383c/fast' failed
make: *** [cmTC_2383c/fast] Error 2


