Symlinking /root/CS4501-Labs/lab7_ws/devel/include/simple_control/toggle_cage.h
Symlinking /root/CS4501-Labs/lab7_ws/devel/include/simple_control/toggle_cageRequest.h
Symlinking /root/CS4501-Labs/lab7_ws/devel/include/simple_control/toggle_cageResponse.h
Symlinking /root/CS4501-Labs/lab7_ws/devel/lib/pkgconfig/simple_control.pc
Symlinking /root/CS4501-Labs/lab7_ws/devel/lib/python2.7/dist-packages/simple_control/__init__.py
Symlinking /root/CS4501-Labs/lab7_ws/devel/lib/python2.7/dist-packages/simple_control/srv/__init__.py
Symlinking /root/CS4501-Labs/lab7_ws/devel/lib/python2.7/dist-packages/simple_control/srv/_toggle_cage.py
Symlinking /root/CS4501-Labs/lab7_ws/devel/share/common-lisp/ros/simple_control/srv/_package.lisp
Symlinking /root/CS4501-Labs/lab7_ws/devel/share/common-lisp/ros/simple_control/srv/_package_toggle_cage.lisp
Symlinking /root/CS4501-Labs/lab7_ws/devel/share/common-lisp/ros/simple_control/srv/simple_control-srv.asd
Symlinking /root/CS4501-Labs/lab7_ws/devel/share/common-lisp/ros/simple_control/srv/toggle_cage.lisp
Symlinking /root/CS4501-Labs/lab7_ws/devel/share/gennodejs/ros/simple_control/_index.js
Symlinking /root/CS4501-Labs/lab7_ws/devel/share/gennodejs/ros/simple_control/srv/_index.js
Symlinking /root/CS4501-Labs/lab7_ws/devel/share/gennodejs/ros/simple_control/srv/toggle_cage.js
Symlinking /root/CS4501-Labs/lab7_ws/devel/share/roseus/ros/simple_control/manifest.l
Symlinking /root/CS4501-Labs/lab7_ws/devel/share/roseus/ros/simple_control/srv/toggle_cage.l
Symlinking /root/CS4501-Labs/lab7_ws/devel/share/simple_control/cmake/simple_control-msg-extras.cmake
Symlinking /root/CS4501-Labs/lab7_ws/devel/share/simple_control/cmake/simple_control-msg-paths.cmake
Symlinking /root/CS4501-Labs/lab7_ws/devel/share/simple_control/cmake/simple_controlConfig-version.cmake
Symlinking /root/CS4501-Labs/lab7_ws/devel/share/simple_control/cmake/simple_controlConfig.cmake
