Determining if the pthread_create exist failed with the following output:
Change Dir: /root/CS4501-Labs/lab7_ws/build/flightcontroller/CMakeFiles/CMakeTmp

Run Build Command:"/usr/bin/make" "cmTC_fc098/fast"
/usr/bin/make -f CMakeFiles/cmTC_fc098.dir/build.make CMakeFiles/cmTC_fc098.dir/build
make[1]: Entering directory '/root/CS4501-Labs/lab7_ws/build/flightcontroller/CMakeFiles/CMakeTmp'
Building C object CMakeFiles/cmTC_fc098.dir/CheckSymbolExists.c.o
/usr/bin/cc    -o CMakeFiles/cmTC_fc098.dir/CheckSymbolExists.c.o   -c /root/CS4501-Labs/lab7_ws/build/flightcontroller/CMakeFiles/CMakeTmp/CheckSymbolExists.c
Linking C executable cmTC_fc098
/usr/bin/cmake -E cmake_link_script CMakeFiles/cmTC_fc098.dir/link.txt --verbose=1
/usr/bin/cc      -rdynamic CMakeFiles/cmTC_fc098.dir/CheckSymbolExists.c.o  -o cmTC_fc098 
CMakeFiles/cmTC_fc098.dir/CheckSymbolExists.c.o: In function `main':
CheckSymbolExists.c:(.text+0x14): undefined reference to `pthread_create'
CheckSymbolExists.c:(.text+0x18): undefined reference to `pthread_create'
collect2: error: ld returned 1 exit status
CMakeFiles/cmTC_fc098.dir/build.make:97: recipe for target 'cmTC_fc098' failed
make[1]: *** [cmTC_fc098] Error 1
make[1]: Leaving directory '/root/CS4501-Labs/lab7_ws/build/flightcontroller/CMakeFiles/CMakeTmp'
Makefile:126: recipe for target 'cmTC_fc098/fast' failed
make: *** [cmTC_fc098/fast] Error 2

File /root/CS4501-Labs/lab7_ws/build/flightcontroller/CMakeFiles/CMakeTmp/CheckSymbolExists.c:
/* */
#include <pthread.h>

int main(int argc, char** argv)
{
  (void)argv;
#ifndef pthread_create
  return ((int*)(&pthread_create))[argc];
#else
  (void)argc;
  return 0;
#endif
}

Determining if the function pthread_create exists in the pthreads failed with the following output:
Change Dir: /root/CS4501-Labs/lab7_ws/build/flightcontroller/CMakeFiles/CMakeTmp

Run Build Command:"/usr/bin/make" "cmTC_c7e06/fast"
/usr/bin/make -f CMakeFiles/cmTC_c7e06.dir/build.make CMakeFiles/cmTC_c7e06.dir/build
make[1]: Entering directory '/root/CS4501-Labs/lab7_ws/build/flightcontroller/CMakeFiles/CMakeTmp'
Building C object CMakeFiles/cmTC_c7e06.dir/CheckFunctionExists.c.o
/usr/bin/cc   -DCHECK_FUNCTION_EXISTS=pthread_create   -o CMakeFiles/cmTC_c7e06.dir/CheckFunctionExists.c.o   -c /usr/share/cmake-3.10/Modules/CheckFunctionExists.c
Linking C executable cmTC_c7e06
/usr/bin/cmake -E cmake_link_script CMakeFiles/cmTC_c7e06.dir/link.txt --verbose=1
/usr/bin/cc  -DCHECK_FUNCTION_EXISTS=pthread_create    -rdynamic CMakeFiles/cmTC_c7e06.dir/CheckFunctionExists.c.o  -o cmTC_c7e06 -lpthreads 
/usr/bin/ld: cannot find -lpthreads
collect2: error: ld returned 1 exit status
CMakeFiles/cmTC_c7e06.dir/build.make:97: recipe for target 'cmTC_c7e06' failed
make[1]: *** [cmTC_c7e06] Error 1
make[1]: Leaving directory '/root/CS4501-Labs/lab7_ws/build/flightcontroller/CMakeFiles/CMakeTmp'
Makefile:126: recipe for target 'cmTC_c7e06/fast' failed
make: *** [cmTC_c7e06/fast] Error 2


