[35m[1mScanning dependencies of target _keyboard_generate_messages_check_deps_Key[0m
[  0%] Built target _keyboard_generate_messages_check_deps_Key
[35m[1mScanning dependencies of target std_msgs_generate_messages_nodejs[0m
[  0%] Built target std_msgs_generate_messages_nodejs
[35m[1mScanning dependencies of target std_msgs_generate_messages_py[0m
[  0%] Built target std_msgs_generate_messages_py
[35m[1mScanning dependencies of target std_msgs_generate_messages_lisp[0m
[  0%] Built target std_msgs_generate_messages_lisp
[35m[1mScanning dependencies of target std_msgs_generate_messages_cpp[0m
[  0%] Built target std_msgs_generate_messages_cpp
[35m[1mScanning dependencies of target std_msgs_generate_messages_eus[0m
[  0%] Built target std_msgs_generate_messages_eus
[35m[1mScanning dependencies of target keyboard_generate_messages_nodejs[0m
[ 10%] [34m[1mGenerating Javascript code from keyboard/Key.msg[0m
[ 10%] Built target keyboard_generate_messages_nodejs
[35m[1mScanning dependencies of target keyboard_generate_messages_py[0m
[ 20%] [34m[1mGenerating Python from MSG keyboard/Key[0m
[ 30%] [34m[1mGenerating Python msg __init__.py for keyboard[0m
[ 30%] Built target keyboard_generate_messages_py
[35m[1mScanning dependencies of target keyboard_generate_messages_lisp[0m
[ 40%] [34m[1mGenerating Lisp code from keyboard/Key.msg[0m
[ 40%] Built target keyboard_generate_messages_lisp
[35m[1mScanning dependencies of target keyboard_generate_messages_cpp[0m
[ 50%] [34m[1mGenerating C++ code from keyboard/Key.msg[0m
[ 50%] Built target keyboard_generate_messages_cpp
[35m[1mScanning dependencies of target keyboard_generate_messages_eus[0m
[ 60%] [34m[1mGenerating EusLisp code from keyboard/Key.msg[0m
[ 70%] [34m[1mGenerating EusLisp manifest code for keyboard[0m
[ 70%] Built target keyboard_generate_messages_eus
[35m[1mScanning dependencies of target keyboard_gencpp[0m
[ 70%] Built target keyboard_gencpp
[35m[1mScanning dependencies of target keyboard_generate_messages[0m
[ 70%] Built target keyboard_generate_messages
[35m[1mScanning dependencies of target keyboard[0m
[ 80%] [32mBuilding CXX object CMakeFiles/keyboard.dir/src/main.cpp.o[0m
[ 90%] [32mBuilding CXX object CMakeFiles/keyboard.dir/src/keyboard.cpp.o[0m
[100%] [32m[1mLinking CXX executable /root/CS4501-Labs/lab6_ws/devel/.private/keyboard/lib/keyboard/keyboard[0m
[100%] Built target keyboard
