Determining if the pthread_create exist failed with the following output:
Change Dir: /root/CS4501-Labs/lab3_ws/build/visualizer/CMakeFiles/CMakeTmp

Run Build Command:"/usr/bin/make" "cmTC_9f86a/fast"
/usr/bin/make -f CMakeFiles/cmTC_9f86a.dir/build.make CMakeFiles/cmTC_9f86a.dir/build
make[1]: Entering directory '/root/CS4501-Labs/lab3_ws/build/visualizer/CMakeFiles/CMakeTmp'
Building C object CMakeFiles/cmTC_9f86a.dir/CheckSymbolExists.c.o
/usr/bin/cc    -o CMakeFiles/cmTC_9f86a.dir/CheckSymbolExists.c.o   -c /root/CS4501-Labs/lab3_ws/build/visualizer/CMakeFiles/CMakeTmp/CheckSymbolExists.c
Linking C executable cmTC_9f86a
/usr/bin/cmake -E cmake_link_script CMakeFiles/cmTC_9f86a.dir/link.txt --verbose=1
/usr/bin/cc      -rdynamic CMakeFiles/cmTC_9f86a.dir/CheckSymbolExists.c.o  -o cmTC_9f86a 
CMakeFiles/cmTC_9f86a.dir/CheckSymbolExists.c.o: In function `main':
CheckSymbolExists.c:(.text+0x14): undefined reference to `pthread_create'
CheckSymbolExists.c:(.text+0x18): undefined reference to `pthread_create'
collect2: error: ld returned 1 exit status
CMakeFiles/cmTC_9f86a.dir/build.make:97: recipe for target 'cmTC_9f86a' failed
make[1]: *** [cmTC_9f86a] Error 1
make[1]: Leaving directory '/root/CS4501-Labs/lab3_ws/build/visualizer/CMakeFiles/CMakeTmp'
Makefile:126: recipe for target 'cmTC_9f86a/fast' failed
make: *** [cmTC_9f86a/fast] Error 2

File /root/CS4501-Labs/lab3_ws/build/visualizer/CMakeFiles/CMakeTmp/CheckSymbolExists.c:
/* */
#include <pthread.h>

int main(int argc, char** argv)
{
  (void)argv;
#ifndef pthread_create
  return ((int*)(&pthread_create))[argc];
#else
  (void)argc;
  return 0;
#endif
}

Determining if the function pthread_create exists in the pthreads failed with the following output:
Change Dir: /root/CS4501-Labs/lab3_ws/build/visualizer/CMakeFiles/CMakeTmp

Run Build Command:"/usr/bin/make" "cmTC_0c1f1/fast"
/usr/bin/make -f CMakeFiles/cmTC_0c1f1.dir/build.make CMakeFiles/cmTC_0c1f1.dir/build
make[1]: Entering directory '/root/CS4501-Labs/lab3_ws/build/visualizer/CMakeFiles/CMakeTmp'
Building C object CMakeFiles/cmTC_0c1f1.dir/CheckFunctionExists.c.o
/usr/bin/cc   -DCHECK_FUNCTION_EXISTS=pthread_create   -o CMakeFiles/cmTC_0c1f1.dir/CheckFunctionExists.c.o   -c /usr/share/cmake-3.10/Modules/CheckFunctionExists.c
Linking C executable cmTC_0c1f1
/usr/bin/cmake -E cmake_link_script CMakeFiles/cmTC_0c1f1.dir/link.txt --verbose=1
/usr/bin/cc  -DCHECK_FUNCTION_EXISTS=pthread_create    -rdynamic CMakeFiles/cmTC_0c1f1.dir/CheckFunctionExists.c.o  -o cmTC_0c1f1 -lpthreads 
/usr/bin/ld: cannot find -lpthreads
collect2: error: ld returned 1 exit status
CMakeFiles/cmTC_0c1f1.dir/build.make:97: recipe for target 'cmTC_0c1f1' failed
make[1]: *** [cmTC_0c1f1] Error 1
make[1]: Leaving directory '/root/CS4501-Labs/lab3_ws/build/visualizer/CMakeFiles/CMakeTmp'
Makefile:126: recipe for target 'cmTC_0c1f1/fast' failed
make: *** [cmTC_0c1f1/fast] Error 2


